{"/Users/prayfasonchai/Desktop/Project/docs/logout.js": {"path":"/Users/prayfasonchai/Desktop/Project/docs/logout.js","statementMap":{"0":{"start":{"line":5,"column":15},"end":{"line":5,"column":24}},"1":{"start":{"line":7,"column":2},"end":{"line":20,"column":7}},"2":{"start":{"line":10,"column":6},"end":{"line":10,"column":29}},"3":{"start":{"line":11,"column":6},"end":{"line":11,"column":27}},"4":{"start":{"line":13,"column":6},"end":{"line":13,"column":50}},"5":{"start":{"line":14,"column":6},"end":{"line":14,"column":20}},"6":{"start":{"line":16,"column":6},"end":{"line":16,"column":42}},"7":{"start":{"line":19,"column":6},"end":{"line":19,"column":45}}},"fnMap":{"0":{"name":"logOutUser","decl":{"start":{"line":4,"column":9},"end":{"line":4,"column":19}},"loc":{"start":{"line":4,"column":22},"end":{"line":21,"column":1}},"line":4},"1":{"name":"(anonymous_1)","decl":{"start":{"line":8,"column":10},"end":{"line":8,"column":11}},"loc":{"start":{"line":8,"column":16},"end":{"line":17,"column":5}},"line":8},"2":{"name":"(anonymous_2)","decl":{"start":{"line":18,"column":11},"end":{"line":18,"column":12}},"loc":{"start":{"line":18,"column":22},"end":{"line":20,"column":5}},"line":18}},"branchMap":{},"s":{"0":1,"1":1,"2":1,"3":1,"4":1,"5":1,"6":1,"7":0},"f":{"0":1,"1":1,"2":0},"b":{},"_coverageSchema":"1a1c01bbd47fc00a2c39e90264f33305004495a9","hash":"d4e34619f189104fcaf354f124f9f29e177ef683"}
}
