<?xml version="1.0" encoding="UTF-8"?>
<coverage generated="1727345528393" clover="3.2.0">
  <project timestamp="1727345528393" name="All files">
    <metrics statements="15" coveredstatements="13" conditionals="4" coveredconditionals="3" methods="5" coveredmethods="5" elements="24" coveredelements="21" complexity="0" loc="15" ncloc="15" packages="1" files="2" classes="2"/>
    <file name="User.js" path="/Users/prayfasonchai/Desktop/Project/src/User.js">
      <metrics statements="10" coveredstatements="9" conditionals="2" coveredconditionals="2" methods="3" coveredmethods="3"/>
      <line num="3" count="2" type="stmt"/>
      <line num="4" count="2" type="stmt"/>
      <line num="5" count="2" type="stmt"/>
      <line num="6" count="2" type="stmt"/>
      <line num="10" count="2" type="stmt"/>
      <line num="14" count="2" type="cond" truecount="2" falsecount="0"/>
      <line num="15" count="1" type="stmt"/>
      <line num="17" count="1" type="stmt"/>
      <line num="24" count="0" type="stmt"/>
      <line num="31" count="1" type="stmt"/>
    </file>
    <file name="auth.js" path="/Users/prayfasonchai/Desktop/Project/src/auth.js">
      <metrics statements="5" coveredstatements="4" conditionals="2" coveredconditionals="1" methods="2" coveredmethods="2"/>
      <line num="2" count="4" type="stmt"/>
      <line num="6" count="4" type="cond" truecount="1" falsecount="1"/>
      <line num="7" count="0" type="stmt"/>
      <line num="9" count="4" type="stmt"/>
      <line num="20" count="1" type="stmt"/>
    </file>
  </project>
</coverage>
