{"/Users/prayfasonchai/Desktop/Project/docs/logout.js": {"path":"/Users/prayfasonchai/Desktop/Project/docs/logout.js","statementMap":{"0":{"start":{"line":5,"column":15},"end":{"line":5,"column":24}},"1":{"start":{"line":7,"column":2},"end":{"line":20,"column":7}},"2":{"start":{"line":10,"column":6},"end":{"line":10,"column":29}},"3":{"start":{"line":11,"column":6},"end":{"line":11,"column":27}},"4":{"start":{"line":13,"column":6},"end":{"line":13,"column":50}},"5":{"start":{"line":14,"column":6},"end":{"line":14,"column":20}},"6":{"start":{"line":16,"column":6},"end":{"line":16,"column":42}},"7":{"start":{"line":19,"column":6},"end":{"line":19,"column":45}}},"fnMap":{"0":{"name":"logOutUser","decl":{"start":{"line":4,"column":9},"end":{"line":4,"column":19}},"loc":{"start":{"line":4,"column":22},"end":{"line":21,"column":1}},"line":4},"1":{"name":"(anonymous_1)","decl":{"start":{"line":8,"column":10},"end":{"line":8,"column":11}},"loc":{"start":{"line":8,"column":16},"end":{"line":17,"column":5}},"line":8},"2":{"name":"(anonymous_2)","decl":{"start":{"line":18,"column":11},"end":{"line":18,"column":12}},"loc":{"start":{"line":18,"column":22},"end":{"line":20,"column":5}},"line":18}},"branchMap":{},"s":{"0":1,"1":1,"2":1,"3":1,"4":1,"5":1,"6":1,"7":0},"f":{"0":1,"1":1,"2":0},"b":{},"_coverageSchema":"1a1c01bbd47fc00a2c39e90264f33305004495a9","hash":"d4e34619f189104fcaf354f124f9f29e177ef683"}
,"/Users/prayfasonchai/Desktop/Project/src/User.js": {"path":"/Users/prayfasonchai/Desktop/Project/src/User.js","statementMap":{"0":{"start":{"line":3,"column":6},"end":{"line":3,"column":31}},"1":{"start":{"line":4,"column":6},"end":{"line":4,"column":25}},"2":{"start":{"line":5,"column":6},"end":{"line":5,"column":31}},"3":{"start":{"line":6,"column":6},"end":{"line":6,"column":23}},"4":{"start":{"line":10,"column":6},"end":{"line":27,"column":11}},"5":{"start":{"line":14,"column":10},"end":{"line":26,"column":11}},"6":{"start":{"line":15,"column":12},"end":{"line":15,"column":55}},"7":{"start":{"line":17,"column":12},"end":{"line":23,"column":15}},"8":{"start":{"line":24,"column":12},"end":{"line":24,"column":70}},"9":{"start":{"line":31,"column":2},"end":{"line":31,"column":24}}},"fnMap":{"0":{"name":"(anonymous_0)","decl":{"start":{"line":2,"column":4},"end":{"line":2,"column":5}},"loc":{"start":{"line":2,"column":49},"end":{"line":7,"column":5}},"line":2},"1":{"name":"(anonymous_1)","decl":{"start":{"line":9,"column":4},"end":{"line":9,"column":5}},"loc":{"start":{"line":9,"column":17},"end":{"line":28,"column":5}},"line":9},"2":{"name":"(anonymous_2)","decl":{"start":{"line":13,"column":14},"end":{"line":13,"column":15}},"loc":{"start":{"line":13,"column":33},"end":{"line":27,"column":9}},"line":13}},"branchMap":{"0":{"loc":{"start":{"line":14,"column":10},"end":{"line":26,"column":11}},"type":"if","locations":[{"start":{"line":14,"column":10},"end":{"line":26,"column":11}},{"start":{"line":16,"column":17},"end":{"line":26,"column":11}}],"line":14}},"s":{"0":2,"1":2,"2":2,"3":2,"4":2,"5":2,"6":1,"7":1,"8":0,"9":1},"f":{"0":2,"1":2,"2":2},"b":{"0":[1,1]},"_coverageSchema":"1a1c01bbd47fc00a2c39e90264f33305004495a9","hash":"48c3d0356194ca86e27c263b664aeb2876c68bb4"}
}
