TN:
SF:src/User.js
FN:2,(anonymous_0)
FN:9,(anonymous_1)
FN:13,(anonymous_2)
FNF:3
FNH:3
FNDA:2,(anonymous_0)
FNDA:2,(anonymous_1)
FNDA:2,(anonymous_2)
DA:3,2
DA:4,2
DA:5,2
DA:6,2
DA:10,2
DA:14,2
DA:15,1
DA:17,1
DA:24,0
DA:31,1
LF:10
LH:9
BRDA:14,0,0,1
BRDA:14,0,1,1
BRF:2
BRH:2
end_of_record
TN:
SF:src/auth.js
FN:1,registerUser
FN:5,(anonymous_1)
FNF:2
FNH:2
FNDA:4,registerUser
FNDA:4,(anonymous_1)
DA:2,4
DA:6,4
DA:7,0
DA:9,4
DA:20,1
LF:5
LH:4
BRDA:6,0,0,0
BRDA:6,0,1,4
BRF:2
BRH:1
end_of_record
